<?xml version="1.0" encoding="UTF-8"?>
<!-- Generated by org.testng.reporters.JUnitReportReporter -->
<testsuite hostname="DESKTOP-HN28R98" failures="0" tests="1" name="Cucumber.TestNGTestRunner" time="0.706" errors="1" timestamp="2025-04-29T09:57:56 IST" skipped="0">
  <testcase classname="Cucumber.TestNGTestRunner" name="setUpClass" time="0.706">
    <error message="Failed to parse resource at: file:///C:/Users/Dell/eclipse-workspace/SeleniumFrameworkPart-8Cucumber2/src/test/java/Cucumber/SubmitOrderTest.feature
(9:3): expected: #TagLine, #RuleLine, #Comment, #Empty, got &#039;Feature: Purchase the order from E-commerce website&#039;
(11:3): expected: #TagLine, #RuleLine, #Comment, #Empty, got &#039;Scenario Outline: Positive Test of Submitting the order&#039;
(12:5): expected: #TagLine, #RuleLine, #Comment, #Empty, got &#039;Given I landed on E-commerce page&#039;
(13:5): expected: #TagLine, #RuleLine, #Comment, #Empty, got &#039;And Logged in with userName &lt;name&gt; and password &lt;password&gt;&#039;
(14:5): expected: #TagLine, #RuleLine, #Comment, #Empty, got &#039;When I add product &lt;productName&gt; to cart&#039;
(15:5): expected: #TagLine, #RuleLine, #Comment, #Empty, got &#039;And Checkout &lt;productName&gt; and submit order&#039;
(16:5): expected: #TagLine, #RuleLine, #Comment, #Empty, got &#039;Then &quot;THANKYOU FOR THE ORDER.&quot; message is displayed on confirmationPage&#039;
(18:3): expected: #TagLine, #RuleLine, #Comment, #Empty, got &#039;Examples:&#039;
(19:5): expected: #TagLine, #RuleLine, #Comment, #Empty, got &#039;| name                 | password       | productName  |&#039;
(20:5): expected: #TagLine, #RuleLine, #Comment, #Empty, got &#039;| himass687@gmail.com  | Masthan786@     | ZARA COAT 3  |&#039;
(21:0): unexpected end of file, expected: #TagLine, #RuleLine, #Comment, #Empty" type="io.cucumber.core.gherkin.FeatureParserException">
      <![CDATA[io.cucumber.core.gherkin.FeatureParserException: Failed to parse resource at: file:///C:/Users/Dell/eclipse-workspace/SeleniumFrameworkPart-8Cucumber2/src/test/java/Cucumber/SubmitOrderTest.feature
(9:3): expected: #TagLine, #RuleLine, #Comment, #Empty, got 'Feature: Purchase the order from E-commerce website'
(11:3): expected: #TagLine, #RuleLine, #Comment, #Empty, got 'Scenario Outline: Positive Test of Submitting the order'
(12:5): expected: #TagLine, #RuleLine, #Comment, #Empty, got 'Given I landed on E-commerce page'
(13:5): expected: #TagLine, #RuleLine, #Comment, #Empty, got 'And Logged in with userName <name> and password <password>'
(14:5): expected: #TagLine, #RuleLine, #Comment, #Empty, got 'When I add product <productName> to cart'
(15:5): expected: #TagLine, #RuleLine, #Comment, #Empty, got 'And Checkout <productName> and submit order'
(16:5): expected: #TagLine, #RuleLine, #Comment, #Empty, got 'Then "THANKYOU FOR THE ORDER." message is displayed on confirmationPage'
(18:3): expected: #TagLine, #RuleLine, #Comment, #Empty, got 'Examples:'
(19:5): expected: #TagLine, #RuleLine, #Comment, #Empty, got '| name                 | password       | productName  |'
(20:5): expected: #TagLine, #RuleLine, #Comment, #Empty, got '| himass687@gmail.com  | Masthan786@     | ZARA COAT 3  |'
(21:0): unexpected end of file, expected: #TagLine, #RuleLine, #Comment, #Empty
at io.cucumber.core.gherkin.messages.GherkinMessagesFeatureParser.parse(GherkinMessagesFeatureParser.java:56)
at io.cucumber.core.feature.FeatureParser.parseResource(FeatureParser.java:46)
at java.base/java.util.function.BiFunction.lambda$andThen$0(BiFunction.java:70)
at io.cucumber.core.resource.ResourceScanner.lambda$processResource$1(ResourceScanner.java:79)
at io.cucumber.core.resource.PathScanner$ResourceFileVisitor.visitFile(PathScanner.java:75)
at io.cucumber.core.resource.PathScanner$ResourceFileVisitor.visitFile(PathScanner.java:60)
at java.base/java.nio.file.Files.walkFileTree(Files.java:2799)
at io.cucumber.core.resource.PathScanner.findResourcesForPath(PathScanner.java:53)
at io.cucumber.core.resource.PathScanner.findResourcesForUri(PathScanner.java:31)
at io.cucumber.core.resource.ResourceScanner.findResourcesForUri(ResourceScanner.java:61)
at io.cucumber.core.resource.ResourceScanner.scanForResourcesUri(ResourceScanner.java:134)
at io.cucumber.core.runtime.FeaturePathFeatureSupplier.loadFeatures(FeaturePathFeatureSupplier.java:62)
at io.cucumber.core.runtime.FeaturePathFeatureSupplier.get(FeaturePathFeatureSupplier.java:45)
at io.cucumber.testng.TestNGCucumberRunner.<init>(TestNGCucumberRunner.java:125)
at io.cucumber.testng.AbstractTestNGCucumberTests.setUpClass(AbstractTestNGCucumberTests.java:27)
at java.base/jdk.internal.reflect.DirectMethodHandleAccessor.invoke(DirectMethodHandleAccessor.java:103)
at java.base/java.lang.reflect.Method.invoke(Method.java:580)
at org.testng.internal.invokers.MethodInvocationHelper.invokeMethod(MethodInvocationHelper.java:141)
at org.testng.internal.invokers.MethodInvocationHelper.invokeMethodConsideringTimeout(MethodInvocationHelper.java:71)
at org.testng.internal.invokers.ConfigInvoker.invokeConfigurationMethod(ConfigInvoker.java:400)
at org.testng.internal.invokers.ConfigInvoker.invokeConfigurations(ConfigInvoker.java:333)
at org.testng.internal.invokers.TestMethodWorker.invokeBeforeClassMethods(TestMethodWorker.java:188)
at org.testng.internal.invokers.TestMethodWorker.run(TestMethodWorker.java:128)
at java.base/java.util.ArrayList.forEach(ArrayList.java:1596)
at org.testng.TestRunner.privateRun(TestRunner.java:741)
at org.testng.TestRunner.run(TestRunner.java:616)
at org.testng.SuiteRunner.runTest(SuiteRunner.java:421)
at org.testng.SuiteRunner.runSequentially(SuiteRunner.java:413)
at org.testng.SuiteRunner.privateRun(SuiteRunner.java:373)
at org.testng.SuiteRunner.run(SuiteRunner.java:312)
at org.testng.SuiteRunnerWorker.runSuite(SuiteRunnerWorker.java:52)
at org.testng.SuiteRunnerWorker.run(SuiteRunnerWorker.java:95)
at org.testng.TestNG.runSuitesSequentially(TestNG.java:1274)
at org.testng.TestNG.runSuitesLocally(TestNG.java:1208)
at org.testng.TestNG.runSuites(TestNG.java:1112)
at org.testng.TestNG.run(TestNG.java:1079)
at org.testng.remote.AbstractRemoteTestNG.run(AbstractRemoteTestNG.java:115)
at org.testng.remote.RemoteTestNG.initAndRun(RemoteTestNG.java:293)
at org.testng.remote.RemoteTestNG.main(RemoteTestNG.java:91)
]]>
    </error>
  </testcase> <!-- setUpClass -->
</testsuite> <!-- Cucumber.TestNGTestRunner -->
